<!DOCTYPE html PUBLIC "-//W3C//DTD XHTML 1.1//EN" "http://www.w3.org/TR/xhtml11/DTD/xhtml11.dtd">
<html xmlns="http://www.w3.org/1999/xhtml"><head><title>TestNG Report</title><style type="text/css">table {margin-bottom:10px;border-collapse:collapse;empty-cells:show}th,td {border:1px solid #009;padding:.25em .5em}th {vertical-align:bottom}td {vertical-align:top}table a {font-weight:bold}.stripe td {background-color: #E6EBF9}.num {text-align:right}.passedodd td {background-color: #3F3}.passedeven td {background-color: #0A0}.skippedodd td {background-color: #DDD}.skippedeven td {background-color: #CCC}.failedodd td,.attn {background-color: #F33}.failedeven td,.stripe .attn {background-color: #D00}.stacktrace {white-space:pre;font-family:monospace}.totop {font-size:85%;text-align:center;border-bottom:2px solid #000}</style></head><body><table><tr><th>Test</th><th># Passed</th><th># Skipped</th><th># Failed</th><th>Time (ms)</th><th>Included Groups</th><th>Excluded Groups</th></tr><tr><th colspan="7">suite test</th></tr><tr><td><a href="#t0">test</a></td><td class="num">0</td><td class="num attn">2</td><td class="num">0</td><td class="num">44,873</td><td></td><td></td></tr></table><table><thead><tr><th>Class</th><th>Method</th><th>Start</th><th>Time (ms)</th></tr></thead><tbody><tr><th colspan="4">suite test</th></tr></tbody><tbody id="t0"><tr><th colspan="4">test &#8212; failed (configuration methods)</th></tr><tr class="failedeven"><td rowspan="1">TestClass.TestClass1</td><td><a href="#m0">beforeMethod</a></td><td rowspan="1">1578649997538</td><td rowspan="1">0</td></tr><tr class="failedodd"><td rowspan="1">TestClass.TestClass2</td><td><a href="#m1">beforeMethod</a></td><td rowspan="1">1578650027834</td><td rowspan="1">0</td></tr><tr><th colspan="4">test &#8212; skipped (configuration methods)</th></tr><tr class="skippedeven"><td rowspan="1">TestClass.TestClass1</td><td><a href="#m2">afterMethod</a></td><td rowspan="1">1578650027832</td><td rowspan="1">0</td></tr><tr class="skippedodd"><td rowspan="1">TestClass.TestClass2</td><td><a href="#m3">afterMethod</a></td><td rowspan="1">1578650042393</td><td rowspan="1">0</td></tr><tr><th colspan="4">test &#8212; skipped</th></tr><tr class="skippedeven"><td rowspan="1">TestClass.TestClass1</td><td><a href="#m4">test1</a></td><td rowspan="1">1578650027829</td><td rowspan="1">1</td></tr><tr class="skippedodd"><td rowspan="1">TestClass.TestClass2</td><td><a href="#m5">f</a></td><td rowspan="1">1578650042391</td><td rowspan="1">1</td></tr></tbody></table><h2>test</h2><h3 id="m0">TestClass.TestClass1#beforeMethod</h3><table class="result"><tr><th>Exception</th></tr><tr><td><div class="stacktrace">org.openqa.selenium.WebDriverException: WebDriver:NewSession
Build info: version: &apos;3.141.59&apos;, revision: &apos;e82be7d358&apos;, time: &apos;2018-11-14T08:25:48&apos;
System info: host: &apos;RONNIE-PC&apos;, ip: &apos;169.254.61.44&apos;, os.name: &apos;Windows 10&apos;, os.arch: &apos;amd64&apos;, os.version: &apos;10.0&apos;, java.version: &apos;1.8.0_144&apos;
Driver info: driver.version: FirefoxDriver
remote stacktrace: WebDriverError@chrome://marionette/content/error.js:211:5
UnknownCommandError@chrome://marionette/content/error.js:455:5
execute/req&lt;@chrome://marionette/content/server.js:503:15
TaskImpl_run@resource://gre/modules/Task.jsm:319:42
TaskImpl@resource://gre/modules/Task.jsm:277:3
asyncFunction@resource://gre/modules/Task.jsm:252:14
Task_spawn@resource://gre/modules/Task.jsm:166:12
execute@chrome://marionette/content/server.js:500:15
onPacket@chrome://marionette/content/server.js:471:7
_onJSONObjectReady/&lt;@chrome://marionette/content/server.js -&gt; resource://devtools/shared/transport/transport.js:483:11
exports.makeInfallible/&lt;@resource://gre/modules/commonjs/toolkit/loader.js -&gt; resource://devtools/shared/ThreadSafeDevToolsUtils.js:101:14
exports.makeInfallible/&lt;@resource://gre/modules/commonjs/toolkit/loader.js -&gt; resource://devtools/shared/ThreadSafeDevToolsUtils.js:101:14

	at org.openqa.selenium.remote.W3CHandshakeResponse.lambda$errorHandler$0(W3CHandshakeResponse.java:62)
	at org.openqa.selenium.remote.HandshakeResponse.lambda$getResponseFunction$0(HandshakeResponse.java:30)
	at org.openqa.selenium.remote.ProtocolHandshake.lambda$createSession$0(ProtocolHandshake.java:126)
	at java.util.stream.ReferencePipeline$3$1.accept(Unknown Source)
	at java.util.Spliterators$ArraySpliterator.tryAdvance(Unknown Source)
	at java.util.stream.ReferencePipeline.forEachWithCancel(Unknown Source)
	at java.util.stream.AbstractPipeline.copyIntoWithCancel(Unknown Source)
	at java.util.stream.AbstractPipeline.copyInto(Unknown Source)
	at java.util.stream.AbstractPipeline.wrapAndCopyInto(Unknown Source)
	at java.util.stream.FindOps$FindOp.evaluateSequential(Unknown Source)
	at java.util.stream.AbstractPipeline.evaluate(Unknown Source)
	at java.util.stream.ReferencePipeline.findFirst(Unknown Source)
	at org.openqa.selenium.remote.ProtocolHandshake.createSession(ProtocolHandshake.java:128)
	at org.openqa.selenium.remote.ProtocolHandshake.createSession(ProtocolHandshake.java:74)
	at org.openqa.selenium.remote.HttpCommandExecutor.execute(HttpCommandExecutor.java:136)
	at org.openqa.selenium.remote.service.DriverCommandExecutor.execute(DriverCommandExecutor.java:83)
	at org.openqa.selenium.remote.RemoteWebDriver.execute(RemoteWebDriver.java:552)
	at org.openqa.selenium.remote.RemoteWebDriver.startSession(RemoteWebDriver.java:213)
	at org.openqa.selenium.remote.RemoteWebDriver.&lt;init&gt;(RemoteWebDriver.java:131)
	at org.openqa.selenium.firefox.FirefoxDriver.&lt;init&gt;(FirefoxDriver.java:147)
	at org.openqa.selenium.firefox.FirefoxDriver.&lt;init&gt;(FirefoxDriver.java:125)
	at TestClass.TestClass1.beforeMethod(TestClass1.java:92)
... Removed 31 stack frames</div></td></tr></table><p class="totop"><a href="#summary">back to summary</a></p><h3 id="m1">TestClass.TestClass2#beforeMethod</h3><table class="result"><tr><th>Exception</th></tr><tr><td><div class="stacktrace">org.openqa.selenium.WebDriverException: WebDriver:NewSession
Build info: version: &apos;3.141.59&apos;, revision: &apos;e82be7d358&apos;, time: &apos;2018-11-14T08:25:48&apos;
System info: host: &apos;RONNIE-PC&apos;, ip: &apos;169.254.61.44&apos;, os.name: &apos;Windows 10&apos;, os.arch: &apos;amd64&apos;, os.version: &apos;10.0&apos;, java.version: &apos;1.8.0_144&apos;
Driver info: driver.version: FirefoxDriver
remote stacktrace: WebDriverError@chrome://marionette/content/error.js:211:5
UnknownCommandError@chrome://marionette/content/error.js:455:5
execute/req&lt;@chrome://marionette/content/server.js:503:15
TaskImpl_run@resource://gre/modules/Task.jsm:319:42
TaskImpl@resource://gre/modules/Task.jsm:277:3
asyncFunction@resource://gre/modules/Task.jsm:252:14
Task_spawn@resource://gre/modules/Task.jsm:166:12
execute@chrome://marionette/content/server.js:500:15
onPacket@chrome://marionette/content/server.js:471:7
_onJSONObjectReady/&lt;@chrome://marionette/content/server.js -&gt; resource://devtools/shared/transport/transport.js:483:11
exports.makeInfallible/&lt;@resource://gre/modules/commonjs/toolkit/loader.js -&gt; resource://devtools/shared/ThreadSafeDevToolsUtils.js:101:14
exports.makeInfallible/&lt;@resource://gre/modules/commonjs/toolkit/loader.js -&gt; resource://devtools/shared/ThreadSafeDevToolsUtils.js:101:14

	at org.openqa.selenium.remote.W3CHandshakeResponse.lambda$errorHandler$0(W3CHandshakeResponse.java:62)
	at org.openqa.selenium.remote.HandshakeResponse.lambda$getResponseFunction$0(HandshakeResponse.java:30)
	at org.openqa.selenium.remote.ProtocolHandshake.lambda$createSession$0(ProtocolHandshake.java:126)
	at java.util.stream.ReferencePipeline$3$1.accept(Unknown Source)
	at java.util.Spliterators$ArraySpliterator.tryAdvance(Unknown Source)
	at java.util.stream.ReferencePipeline.forEachWithCancel(Unknown Source)
	at java.util.stream.AbstractPipeline.copyIntoWithCancel(Unknown Source)
	at java.util.stream.AbstractPipeline.copyInto(Unknown Source)
	at java.util.stream.AbstractPipeline.wrapAndCopyInto(Unknown Source)
	at java.util.stream.FindOps$FindOp.evaluateSequential(Unknown Source)
	at java.util.stream.AbstractPipeline.evaluate(Unknown Source)
	at java.util.stream.ReferencePipeline.findFirst(Unknown Source)
	at org.openqa.selenium.remote.ProtocolHandshake.createSession(ProtocolHandshake.java:128)
	at org.openqa.selenium.remote.ProtocolHandshake.createSession(ProtocolHandshake.java:74)
	at org.openqa.selenium.remote.HttpCommandExecutor.execute(HttpCommandExecutor.java:136)
	at org.openqa.selenium.remote.service.DriverCommandExecutor.execute(DriverCommandExecutor.java:83)
	at org.openqa.selenium.remote.RemoteWebDriver.execute(RemoteWebDriver.java:552)
	at org.openqa.selenium.remote.RemoteWebDriver.startSession(RemoteWebDriver.java:213)
	at org.openqa.selenium.remote.RemoteWebDriver.&lt;init&gt;(RemoteWebDriver.java:131)
	at org.openqa.selenium.firefox.FirefoxDriver.&lt;init&gt;(FirefoxDriver.java:147)
	at org.openqa.selenium.firefox.FirefoxDriver.&lt;init&gt;(FirefoxDriver.java:125)
	at TestClass.TestClass2.beforeMethod(TestClass2.java:59)
... Removed 31 stack frames</div></td></tr></table><p class="totop"><a href="#summary">back to summary</a></p><h3 id="m2">TestClass.TestClass1#afterMethod</h3><table class="result"></table><p class="totop"><a href="#summary">back to summary</a></p><h3 id="m3">TestClass.TestClass2#afterMethod</h3><table class="result"></table><p class="totop"><a href="#summary">back to summary</a></p><h3 id="m4">TestClass.TestClass1#test1</h3><table class="result"></table><p class="totop"><a href="#summary">back to summary</a></p><h3 id="m5">TestClass.TestClass2#f</h3><table class="result"></table><p class="totop"><a href="#summary">back to summary</a></p></body></html>